TN:
SF:/home/baotrungtn/Desktop/Exp/c/linking/libA/src/A.cpp
FN:9,_Z5TestANSt7__cxx1112basic_stringIcSt11char_traitsIcESaIcEEE
FN:16,_Z6TestA1v
FNDA:1,_Z5TestANSt7__cxx1112basic_stringIcSt11char_traitsIcESaIcEEE
FNDA:0,_Z6TestA1v
FNF:2
FNH:1
DA:11,2
DA:12,3
DA:13,3
DA:14,1
DA:18,0
DA:19,0
LF:6
LH:4
end_of_record
SF:/usr/include/c++/7.3.0/bits/basic_string.h
FN:5916,_ZStplIcSt11char_traitsIcESaIcEENSt7__cxx1112basic_stringIT_T0_T1_EERKS8_PKS5_
FNDA:0,_ZStplIcSt11char_traitsIcESaIcEENSt7__cxx1112basic_stringIT_T0_T1_EERKS8_PKS5_
FNF:1
FNH:0
DA:5919,0
DA:5920,0
DA:5921,0
DA:5922,0
LF:4
LH:0
end_of_record
SF:/usr/include/c++/7.3.0/iostream
FN:74,__cxx_global_var_init
FNDA:1,__cxx_global_var_init
FNF:1
FNH:1
DA:74,2
LF:1
LH:1
end_of_record
SF:/home/baotrungtn/Desktop/Exp/c/linking/libA/src/A.cpp
FN:9,_Z5TestANSt7__cxx1112basic_stringIcSt11char_traitsIcESaIcEEE
FN:16,_Z6TestA1v
FNDA:1,_Z5TestANSt7__cxx1112basic_stringIcSt11char_traitsIcESaIcEEE
FNDA:0,_Z6TestA1v
FNF:2
FNH:1
DA:11,2
DA:12,3
DA:13,3
DA:14,1
DA:18,0
DA:19,0
LF:6
LH:4
end_of_record
SF:/usr/include/c++/7.3.0/bits/basic_string.h
FN:5916,_ZStplIcSt11char_traitsIcESaIcEENSt7__cxx1112basic_stringIT_T0_T1_EERKS8_PKS5_
FNDA:0,_ZStplIcSt11char_traitsIcESaIcEENSt7__cxx1112basic_stringIT_T0_T1_EERKS8_PKS5_
FNF:1
FNH:0
DA:5919,0
DA:5920,0
DA:5921,0
DA:5922,0
LF:4
LH:0
end_of_record
SF:/usr/include/c++/7.3.0/iostream
FN:74,__cxx_global_var_init
FNDA:1,__cxx_global_var_init
FNF:1
FNH:1
DA:74,2
LF:1
LH:1
end_of_record
TN:
SF:/home/baotrungtn/Desktop/Exp/c/linking/libCommon/src/Common.cpp
FN:7,_Z10TestCommonNSt7__cxx1112basic_stringIcSt11char_traitsIcESaIcEEE
FNDA:1,_Z10TestCommonNSt7__cxx1112basic_stringIcSt11char_traitsIcESaIcEEE
FNF:1
FNH:1
DA:9,2
DA:10,3
DA:11,1
LF:3
LH:3
end_of_record
SF:/usr/include/c++/7.3.0/bits/basic_string.h
FN:5916,_ZStplIcSt11char_traitsIcESaIcEENSt7__cxx1112basic_stringIT_T0_T1_EERKS8_PKS5_
FNDA:0,_ZStplIcSt11char_traitsIcESaIcEENSt7__cxx1112basic_stringIT_T0_T1_EERKS8_PKS5_
FNF:1
FNH:0
DA:5919,0
DA:5920,0
DA:5921,0
DA:5922,0
LF:4
LH:0
end_of_record
SF:/usr/include/c++/7.3.0/iostream
FN:74,__cxx_global_var_init
FNDA:1,__cxx_global_var_init
FNF:1
FNH:1
DA:74,2
LF:1
LH:1
end_of_record
TN:
SF:/home/baotrungtn/Desktop/Exp/c/linking/libB/src/B.cpp
FN:9,_Z5TestBNSt7__cxx1112basic_stringIcSt11char_traitsIcESaIcEEE
FNDA:0,_Z5TestBNSt7__cxx1112basic_stringIcSt11char_traitsIcESaIcEEE
FNF:1
FNH:0
DA:11,0
DA:12,0
DA:13,0
DA:14,0
LF:4
LH:0
end_of_record
SF:/usr/include/c++/7.3.0/bits/basic_string.h
FN:5916,_ZStplIcSt11char_traitsIcESaIcEENSt7__cxx1112basic_stringIT_T0_T1_EERKS8_PKS5_
FNDA:0,_ZStplIcSt11char_traitsIcESaIcEENSt7__cxx1112basic_stringIT_T0_T1_EERKS8_PKS5_
FNF:1
FNH:0
DA:5919,0
DA:5920,0
DA:5921,0
DA:5922,0
LF:4
LH:0
end_of_record
SF:/usr/include/c++/7.3.0/iostream
FN:74,__cxx_global_var_init
FNDA:1,__cxx_global_var_init
FNF:1
FNH:1
DA:74,2
LF:1
LH:1
end_of_record
TN:
SF:/home/baotrungtn/Desktop/Exp/c/linking/TestCombine.cpp
FN:11,main
FNDA:1,main
FNF:1
FNH:1
DA:13,3
DA:14,3
DA:16,3
DA:19,1
LF:4
LH:4
end_of_record
SF:/usr/include/c++/7.3.0/iostream
FN:74,__cxx_global_var_init
FNDA:1,__cxx_global_var_init
FNF:1
FNH:1
DA:74,2
LF:1
LH:1
end_of_record
TN:
SF:/home/baotrungtn/Desktop/Exp/c/linking/libCombine/src/Combine.cpp
FN:10,_Z11TestCombineNSt7__cxx1112basic_stringIcSt11char_traitsIcESaIcEEE
FNDA:0,_Z11TestCombineNSt7__cxx1112basic_stringIcSt11char_traitsIcESaIcEEE
FNF:1
FNH:0
DA:12,0
DA:13,0
DA:14,0
DA:15,0
DA:16,0
DA:17,0
LF:6
LH:0
end_of_record
SF:/usr/include/c++/7.3.0/bits/basic_string.h
FN:5916,_ZStplIcSt11char_traitsIcESaIcEENSt7__cxx1112basic_stringIT_T0_T1_EERKS8_PKS5_
FNDA:2,_ZStplIcSt11char_traitsIcESaIcEENSt7__cxx1112basic_stringIT_T0_T1_EERKS8_PKS5_
FNF:1
FNH:1
DA:5919,2
DA:5920,2
DA:5921,2
DA:5922,4
LF:4
LH:4
end_of_record
SF:/usr/include/c++/7.3.0/iostream
FN:74,__cxx_global_var_init
FNDA:1,__cxx_global_var_init
FNF:1
FNH:1
DA:74,2
LF:1
LH:1
end_of_record
